<?xml version="1.0" encoding="UTF-8"?>
<!-- Generated by org.testng.reporters.JUnitXMLReporter -->
<testsuite ignored="0" hostname="DESKTOP-DAL8TCK" failures="0" tests="5" name="Default test" time="2.573" errors="0" timestamp="2025-10-13T09:46:00 IST">
  <testcase classname="com.RestApiBasics.T6_JsonPayloadWays" name="createPayloadUsingBasic" time="1.477"/>
  <testcase classname="com.RestApiBasics.T6_JsonPayloadWays" name="testPayloadUsingHashMap" time="0.372"/>
  <testcase classname="com.RestApiBasics.T6_JsonPayloadWays" name="testPayloadUsingPojoClass" time="0.24"/>
  <testcase classname="com.RestApiBasics.T6_JsonPayloadWays" name="testPayloadUsingJSONObject" time="0.233"/>
  <testcase classname="com.RestApiBasics.T6_JsonPayloadWays" name="testPayloadUsingJsonFile" time="0.221"/>
</testsuite> <!-- Default test -->
