<?xml version="1.0" encoding="UTF-8"?>
<!-- Generated by org.testng.reporters.JUnitXMLReporter -->
<testsuite ignored="0" hostname="DESKTOP-DAL8TCK" failures="0" tests="2" name="Default test" time="2.36" errors="0" timestamp="2025-10-11T17:39:54 IST">
  <testcase classname="com.RestApiBasics.T6_JsonPayloadWays" name="createPayloadUsigBasic" time="1.907"/>
  <testcase classname="com.RestApiBasics.T6_JsonPayloadWays" name="testPayloadUsingHashMap" time="0.426"/>
</testsuite> <!-- Default test -->
