<?xml version="1.0" encoding="UTF-8"?>
<testng-results ignored="0" total="2" passed="2" failed="0" skipped="0">
  <reporter-output>
  </reporter-output>
  <suite started-at="2025-10-11T17:39:52 IST" name="Default suite" finished-at="2025-10-11T17:39:54 IST" duration-ms="2360">
    <groups>
    </groups>
    <test started-at="2025-10-11T17:39:52 IST" name="Default test" finished-at="2025-10-11T17:39:54 IST" duration-ms="2360">
      <class name="com.RestApiBasics.T6_JsonPayloadWays">
        <test-method signature="createPayloadUsigBasic()[pri:1, instance:com.RestApiBasics.T6_JsonPayloadWays@740cae06]" started-at="2025-10-11T17:39:52 IST" name="createPayloadUsigBasic" finished-at="2025-10-11T17:39:54 IST" duration-ms="1907" status="PASS">
          <reporter-output>
          </reporter-output>
        </test-method> <!-- createPayloadUsigBasic -->
        <test-method signature="testPayloadUsingHashMap()[pri:2, instance:com.RestApiBasics.T6_JsonPayloadWays@740cae06]" started-at="2025-10-11T17:39:54 IST" name="testPayloadUsingHashMap" finished-at="2025-10-11T17:39:54 IST" duration-ms="426" status="PASS">
          <reporter-output>
          </reporter-output>
        </test-method> <!-- testPayloadUsingHashMap -->
      </class> <!-- com.RestApiBasics.T6_JsonPayloadWays -->
    </test> <!-- Default test -->
  </suite> <!-- Default suite -->
</testng-results>
