<?xml version="1.0" encoding="UTF-8"?>
<testng-results ignored="0" total="5" passed="5" failed="0" skipped="0">
  <reporter-output>
  </reporter-output>
  <suite started-at="2025-10-13T09:45:57 IST" name="Default suite" finished-at="2025-10-13T09:46:00 IST" duration-ms="2573">
    <groups>
    </groups>
    <test started-at="2025-10-13T09:45:57 IST" name="Default test" finished-at="2025-10-13T09:46:00 IST" duration-ms="2573">
      <class name="com.RestApiBasics.T6_JsonPayloadWays">
        <test-method signature="createPayloadUsingBasic()[pri:1, instance:com.RestApiBasics.T6_JsonPayloadWays@7526515b]" started-at="2025-10-13T09:45:57 IST" name="createPayloadUsingBasic" finished-at="2025-10-13T09:45:59 IST" duration-ms="1477" status="PASS">
          <reporter-output>
          </reporter-output>
        </test-method> <!-- createPayloadUsingBasic -->
        <test-method signature="testPayloadUsingHashMap()[pri:2, instance:com.RestApiBasics.T6_JsonPayloadWays@7526515b]" started-at="2025-10-13T09:45:59 IST" name="testPayloadUsingHashMap" finished-at="2025-10-13T09:45:59 IST" duration-ms="372" status="PASS">
          <reporter-output>
          </reporter-output>
        </test-method> <!-- testPayloadUsingHashMap -->
        <test-method signature="testPayloadUsingPojoClass()[pri:3, instance:com.RestApiBasics.T6_JsonPayloadWays@7526515b]" started-at="2025-10-13T09:45:59 IST" name="testPayloadUsingPojoClass" finished-at="2025-10-13T09:45:59 IST" duration-ms="240" status="PASS">
          <reporter-output>
          </reporter-output>
        </test-method> <!-- testPayloadUsingPojoClass -->
        <test-method signature="testPayloadUsingJSONObject()[pri:4, instance:com.RestApiBasics.T6_JsonPayloadWays@7526515b]" started-at="2025-10-13T09:45:59 IST" name="testPayloadUsingJSONObject" finished-at="2025-10-13T09:46:00 IST" duration-ms="233" status="PASS">
          <reporter-output>
          </reporter-output>
        </test-method> <!-- testPayloadUsingJSONObject -->
        <test-method signature="testPayloadUsingJsonFile()[pri:5, instance:com.RestApiBasics.T6_JsonPayloadWays@7526515b]" started-at="2025-10-13T09:46:00 IST" name="testPayloadUsingJsonFile" finished-at="2025-10-13T09:46:00 IST" duration-ms="221" status="PASS">
          <reporter-output>
          </reporter-output>
        </test-method> <!-- testPayloadUsingJsonFile -->
      </class> <!-- com.RestApiBasics.T6_JsonPayloadWays -->
    </test> <!-- Default test -->
  </suite> <!-- Default suite -->
</testng-results>
